48.0 APEX_CODE,FINEST;APEX_PROFILING,INFO;CALLOUT,INFO;DB,INFO;NBA,INFO;SYSTEM,DEBUG;VALIDATION,INFO;VISUALFORCE,FINER;WAVE,INFO;WORKFLOW,INFO
13:54:53.5 (5292637)|USER_INFO|[EXTERNAL]|0053i000000Ntnz|reidefford@gmail.com|(GMT-04:00) Eastern Daylight Time (America/New_York)|GMT-04:00
13:54:53.5 (5398267)|EXECUTION_STARTED
13:54:53.5 (5415280)|CODE_UNIT_STARTED|[EXTERNAL]|01p3i00000Astl7|RegisterCommunityUserTest.register_Test()
13:54:53.5 (5849011)|HEAP_ALLOCATE|[79]|Bytes:3
13:54:53.5 (6001407)|HEAP_ALLOCATE|[84]|Bytes:152
13:54:53.5 (6033311)|HEAP_ALLOCATE|[399]|Bytes:408
13:54:53.5 (6060108)|HEAP_ALLOCATE|[412]|Bytes:408
13:54:53.5 (6081425)|HEAP_ALLOCATE|[520]|Bytes:48
13:54:53.5 (6120342)|HEAP_ALLOCATE|[139]|Bytes:6
13:54:53.5 (6140783)|HEAP_ALLOCATE|[EXTERNAL]|Bytes:132
13:54:53.5 (6186519)|METHOD_ENTRY|[2]|01p3i00000Astl7|RegisterCommunityUserTest.RegisterCommunityUserTest()
13:54:53.5 (6205456)|STATEMENT_EXECUTE|[2]
13:54:53.5 (6225448)|STATEMENT_EXECUTE|[2]
13:54:53.5 (6287154)|HEAP_ALLOCATE|[52]|Bytes:5
13:54:53.5 (6327782)|HEAP_ALLOCATE|[58]|Bytes:5
13:54:53.5 (6344218)|HEAP_ALLOCATE|[66]|Bytes:7
13:54:53.5 (6945692)|SYSTEM_MODE_ENTER|false
13:54:53.5 (7005405)|HEAP_ALLOCATE|[EXTERNAL]|Bytes:5
13:54:53.5 (7029904)|SYSTEM_MODE_EXIT|false
13:54:53.5 (7061385)|METHOD_EXIT|[2]|RegisterCommunityUserTest
13:54:53.5 (7153576)|SYSTEM_MODE_ENTER|false
13:54:53.5 (7166128)|HEAP_ALLOCATE|[34]|Bytes:5
13:54:53.5 (7181136)|STATEMENT_EXECUTE|[32]
13:54:53.5 (7186135)|STATEMENT_EXECUTE|[34]
13:54:53.5 (7191628)|HEAP_ALLOCATE|[34]|Bytes:7
13:54:53.5 (7241439)|VARIABLE_SCOPE_BEGIN|[34]|accountName|String|false|false
13:54:53.5 (7368719)|VARIABLE_ASSIGNMENT|[34]|accountName|"mr test"
13:54:53.5 (7384437)|STATEMENT_EXECUTE|[35]
13:54:53.5 (7390841)|HEAP_ALLOCATE|[35]|Bytes:4
13:54:53.5 (7408141)|VARIABLE_SCOPE_BEGIN|[35]|firstname|String|false|false
13:54:53.5 (7435518)|VARIABLE_ASSIGNMENT|[35]|firstname|"test"
13:54:53.5 (7447572)|STATEMENT_EXECUTE|[36]
13:54:53.5 (7460391)|VARIABLE_SCOPE_BEGIN|[36]|lastName|String|false|false
13:54:53.5 (7484954)|VARIABLE_ASSIGNMENT|[36]|lastName|"test"
13:54:53.5 (7495685)|STATEMENT_EXECUTE|[37]
13:54:53.5 (7500947)|HEAP_ALLOCATE|[37]|Bytes:18
13:54:53.5 (7520413)|VARIABLE_SCOPE_BEGIN|[37]|email|String|false|false
13:54:53.5 (7546693)|VARIABLE_ASSIGNMENT|[37]|email|"test24142@test.com"
13:54:53.5 (7557431)|STATEMENT_EXECUTE|[38]
13:54:53.5 (7563301)|HEAP_ALLOCATE|[38]|Bytes:10
13:54:53.5 (7580108)|VARIABLE_SCOPE_BEGIN|[38]|phone|String|false|false
13:54:53.5 (7603638)|VARIABLE_ASSIGNMENT|[38]|phone|"5555555555"
13:54:53.5 (7615794)|STATEMENT_EXECUTE|[39]
13:54:53.5 (7625192)|HEAP_ALLOCATE|[39]|Bytes:18
13:54:53.5 (7639335)|VARIABLE_SCOPE_BEGIN|[39]|username|String|false|false
13:54:53.5 (7662631)|VARIABLE_ASSIGNMENT|[39]|username|"test41421@test.com"
13:54:53.5 (7676024)|STATEMENT_EXECUTE|[40]
13:54:53.5 (7684163)|HEAP_ALLOCATE|[40]|Bytes:17
13:54:53.5 (7695211)|VARIABLE_SCOPE_BEGIN|[40]|password|String|false|false
13:54:53.5 (7719280)|VARIABLE_ASSIGNMENT|[40]|password|"TestPasswaord123!"
13:54:53.5 (7729220)|STATEMENT_EXECUTE|[41]
13:54:53.5 (7746426)|VARIABLE_SCOPE_BEGIN|[41]|confirmPassword|String|false|false
13:54:53.5 (7778455)|VARIABLE_ASSIGNMENT|[41]|confirmPassword|"TestPasswaord123!"
13:54:53.5 (7789001)|STATEMENT_EXECUTE|[42]
13:54:53.5 (7801695)|VARIABLE_SCOPE_BEGIN|[42]|language|String|false|false
13:54:53.5 (7828558)|VARIABLE_ASSIGNMENT|[42]|language|""
13:54:53.5 (7838710)|STATEMENT_EXECUTE|[43]
13:54:53.5 (7843703)|HEAP_ALLOCATE|[43]|Bytes:29
13:54:53.5 (7861802)|VARIABLE_SCOPE_BEGIN|[43]|profileName|String|false|false
13:54:53.5 (7890411)|VARIABLE_ASSIGNMENT|[43]|profileName|"Customer Community L (9 more) ..."
13:54:53.5 (7900807)|STATEMENT_EXECUTE|[44]
13:54:53.5 (7908056)|HEAP_ALLOCATE|[44]|Bytes:20
13:54:53.5 (7925630)|VARIABLE_SCOPE_BEGIN|[44]|ownerUsername|String|false|false
13:54:53.5 (7951319)|VARIABLE_ASSIGNMENT|[44]|ownerUsername|"reidefford@gmail.com"
13:54:53.5 (7961783)|STATEMENT_EXECUTE|[46]
13:54:53.5 (9834658)|HEAP_ALLOCATE|[46]|Bytes:288
13:54:53.5 (9868909)|HEAP_ALLOCATE|[46]|Bytes:51
13:54:53.5 (9906878)|HEAP_ALLOCATE|[46]|Bytes:48
13:54:53.5 (10009776)|CONSTRUCTOR_ENTRY|[46]|01p3i00000Astl6|<init>(String,String,String,String,String,String,String,String,String,String,String)|RegisterCommunityUser.RegistrationConfig
13:54:53.5 (10106938)|VARIABLE_SCOPE_BEGIN|[199]|this|RegisterCommunityUser.RegistrationConfig|true|false
13:54:53.5 (10273286)|VARIABLE_ASSIGNMENT|[199]|this|{}|0x5feb58e0
13:54:53.5 (10295131)|VARIABLE_SCOPE_BEGIN|[199]|p_accountName|String|false|false
13:54:53.5 (10324151)|VARIABLE_ASSIGNMENT|[199]|p_accountName|"mr test"
13:54:53.5 (10338215)|VARIABLE_SCOPE_BEGIN|[199]|p_firstname|String|false|false
13:54:53.5 (10361951)|VARIABLE_ASSIGNMENT|[199]|p_firstname|"test"
13:54:53.5 (10388782)|VARIABLE_SCOPE_BEGIN|[199]|p_lastName|String|false|false
13:54:53.5 (10424040)|VARIABLE_ASSIGNMENT|[199]|p_lastName|"test"
13:54:53.5 (10448071)|VARIABLE_SCOPE_BEGIN|[199]|p_email|String|false|false
13:54:53.5 (10472803)|VARIABLE_ASSIGNMENT|[199]|p_email|"test24142@test.com"
13:54:53.5 (10486531)|VARIABLE_SCOPE_BEGIN|[199]|p_phone|String|false|false
13:54:53.5 (10509798)|VARIABLE_ASSIGNMENT|[199]|p_phone|"5555555555"
13:54:53.5 (10534988)|VARIABLE_SCOPE_BEGIN|[199]|p_username|String|false|false
13:54:53.5 (10569221)|VARIABLE_ASSIGNMENT|[199]|p_username|"test41421@test.com"
13:54:53.5 (10588688)|VARIABLE_SCOPE_BEGIN|[199]|p_password|String|false|false
13:54:53.5 (10611511)|VARIABLE_ASSIGNMENT|[199]|p_password|"TestPasswaord123!"
13:54:53.5 (10625010)|VARIABLE_SCOPE_BEGIN|[199]|p_confirmPassword|String|false|false
13:54:53.5 (10644757)|VARIABLE_ASSIGNMENT|[199]|p_confirmPassword|"TestPasswaord123!"
13:54:53.5 (10659170)|VARIABLE_SCOPE_BEGIN|[199]|p_language|String|false|false
13:54:53.5 (10679082)|VARIABLE_ASSIGNMENT|[199]|p_language|""
13:54:53.5 (10693009)|VARIABLE_SCOPE_BEGIN|[199]|p_profileName|String|false|false
13:54:53.5 (10716552)|VARIABLE_ASSIGNMENT|[199]|p_profileName|"Customer Community L (9 more) ..."
13:54:53.5 (10728850)|VARIABLE_SCOPE_BEGIN|[199]|p_ownerUsername|String|false|false
13:54:53.5 (10750560)|VARIABLE_ASSIGNMENT|[199]|p_ownerUsername|"reidefford@gmail.com"
13:54:53.5 (10775813)|STATEMENT_EXECUTE|[173]
13:54:53.5 (10781043)|STATEMENT_EXECUTE|[175]
13:54:53.5 (10785043)|STATEMENT_EXECUTE|[177]
13:54:53.5 (10788818)|STATEMENT_EXECUTE|[179]
13:54:53.5 (10792764)|STATEMENT_EXECUTE|[181]
13:54:53.5 (10798477)|STATEMENT_EXECUTE|[183]
13:54:53.5 (10802168)|STATEMENT_EXECUTE|[185]
13:54:53.5 (10805956)|STATEMENT_EXECUTE|[187]
13:54:53.5 (10809568)|STATEMENT_EXECUTE|[189]
13:54:53.5 (10813252)|STATEMENT_EXECUTE|[191]
13:54:53.5 (10816993)|STATEMENT_EXECUTE|[193]
13:54:53.5 (10820649)|STATEMENT_EXECUTE|[195]
13:54:53.5 (10833151)|HEAP_ALLOCATE|[212]|Bytes:6
13:54:53.5 (12124750)|STATEMENT_EXECUTE|[211]
13:54:53.5 (12134762)|STATEMENT_EXECUTE|[212]
13:54:53.5 (12332105)|VARIABLE_ASSIGNMENT|[EXTERNAL]|this|{}|0x5feb58e0
13:54:53.5 (12394141)|VARIABLE_ASSIGNMENT|[EXTERNAL]|value|"mr test"
13:54:53.5 (12430303)|VARIABLE_ASSIGNMENT|[175]|this.accountName|"mr test"|0x5feb58e0
13:54:53.5 (12486172)|STATEMENT_EXECUTE|[213]
13:54:53.5 (12574932)|VARIABLE_ASSIGNMENT|[EXTERNAL]|this|{"accountName":"mr test"}|0x5feb58e0
13:54:53.5 (12604438)|VARIABLE_ASSIGNMENT|[EXTERNAL]|value|"test"
13:54:53.5 (12625518)|VARIABLE_ASSIGNMENT|[177]|this.firstname|"test"|0x5feb58e0
13:54:53.5 (12644885)|STATEMENT_EXECUTE|[214]
13:54:53.5 (12714383)|VARIABLE_ASSIGNMENT|[EXTERNAL]|this|{"accountName":"mr test","firstname":"test"}|0x5feb58e0
13:54:53.5 (12743955)|VARIABLE_ASSIGNMENT|[EXTERNAL]|value|"test"
13:54:53.5 (12773203)|VARIABLE_ASSIGNMENT|[179]|this.lastName|"test"|0x5feb58e0
13:54:53.5 (12792100)|STATEMENT_EXECUTE|[215]
13:54:53.5 (12859867)|VARIABLE_ASSIGNMENT|[EXTERNAL]|this|{"accountName":"mr test","firstname":"test","lastName":"test"}|0x5feb58e0
13:54:53.5 (12888099)|VARIABLE_ASSIGNMENT|[EXTERNAL]|value|"test24142@test.com"
13:54:53.5 (12911288)|VARIABLE_ASSIGNMENT|[181]|this.email|"test24142@test.com"|0x5feb58e0
13:54:53.5 (12930570)|STATEMENT_EXECUTE|[216]
13:54:53.5 (12999639)|VARIABLE_ASSIGNMENT|[EXTERNAL]|this|{"accountName":"mr test","email":"test24142@test.com","firstname":"test","lastName":"test"}|0x5feb58e0
13:54:53.5 (13026384)|VARIABLE_ASSIGNMENT|[EXTERNAL]|value|"5555555555"
13:54:53.5 (13046788)|VARIABLE_ASSIGNMENT|[183]|this.phone|"5555555555"|0x5feb58e0
13:54:53.5 (13065360)|STATEMENT_EXECUTE|[217]
13:54:53.5 (13134762)|VARIABLE_ASSIGNMENT|[EXTERNAL]|this|{"accountName":"mr test","email":"test24142@test.com","firstname":"test","lastName":"test","phone":"5555555555"}|0x5feb58e0
13:54:53.5 (13163596)|VARIABLE_ASSIGNMENT|[EXTERNAL]|value|"test41421@test.com"
13:54:53.5 (13185319)|VARIABLE_ASSIGNMENT|[185]|this.username|"test41421@test.com"|0x5feb58e0
13:54:53.5 (13201588)|STATEMENT_EXECUTE|[218]
13:54:53.5 (13272129)|VARIABLE_ASSIGNMENT|[EXTERNAL]|this|{"accountName":"mr test","email":"test24142@test.com","firstname":"test","lastName":"test","phone":"5555555555","username":"test41421@test.com"}|0x5feb58e0
13:54:53.5 (13311529)|VARIABLE_ASSIGNMENT|[EXTERNAL]|value|"TestPasswaord123!"
13:54:53.5 (13340115)|VARIABLE_ASSIGNMENT|[187]|this.password|"TestPasswaord123!"|0x5feb58e0
13:54:53.5 (13359715)|STATEMENT_EXECUTE|[219]
13:54:53.5 (13436165)|VARIABLE_ASSIGNMENT|[EXTERNAL]|this|{"accountName":"mr test","email":"test24142@test.com","firstname":"test","lastName":"test","password":"TestPasswaord123!","phone":"5555555555","username":"test41421@test.com"}|0x5feb58e0
13:54:53.5 (13465292)|VARIABLE_ASSIGNMENT|[EXTERNAL]|value|"TestPasswaord123!"
13:54:53.5 (13486926)|VARIABLE_ASSIGNMENT|[189]|this.confirmPassword|"TestPasswaord123!"|0x5feb58e0
13:54:53.5 (13505818)|STATEMENT_EXECUTE|[220]
13:54:53.5 (13579808)|VARIABLE_ASSIGNMENT|[EXTERNAL]|this|{"accountName":"mr test","confirmPassword":"TestPasswaord123!","email":"test24142@test.com","firstname":"test","lastName":"test","password":"TestPasswaord123!","phone":"5555555555","username":"test41421@test.com"}|0x5feb58e0
13:54:53.5 (13610468)|VARIABLE_ASSIGNMENT|[EXTERNAL]|value|""
13:54:53.5 (13629396)|VARIABLE_ASSIGNMENT|[191]|this.language|""|0x5feb58e0
13:54:53.5 (13648128)|STATEMENT_EXECUTE|[221]
13:54:53.5 (13722017)|VARIABLE_ASSIGNMENT|[EXTERNAL]|this|{"accountName":"mr test","confirmPassword":"TestPasswaord123!","email":"test24142@test.com","firstname":"test","language":"","lastName":"test","password":"TestPasswaord123!","phone":"5555555555","username":"test41421@test.com"}|0x5feb58e0
13:54:53.5 (13755296)|VARIABLE_ASSIGNMENT|[EXTERNAL]|value|"Customer Community L (9 more) ..."
13:54:53.5 (13782114)|VARIABLE_ASSIGNMENT|[193]|this.profileName|"Customer Community L (9 more) ..."|0x5feb58e0
13:54:53.5 (13807657)|STATEMENT_EXECUTE|[222]
13:54:53.5 (13917451)|VARIABLE_ASSIGNMENT|[EXTERNAL]|this|{"accountName":"mr test","confirmPassword":"TestPasswaord123!","email":"test24142@test.com","firstname":"test","language":"","lastName":"test","password":"TestPasswaord123!","phone":"5555555555","profileName":"Customer Community L (9 more) ...","username":"test41421@test.com"}|0x5feb58e0
13:54:53.5 (13980211)|VARIABLE_ASSIGNMENT|[EXTERNAL]|value|"reidefford@gmail.com"
13:54:53.5 (14022227)|VARIABLE_ASSIGNMENT|[195]|this.ownerUsername|"reidefford@gmail.com"|0x5feb58e0
13:54:53.5 (14129932)|CONSTRUCTOR_EXIT|[46]|01p3i00000Astl6|<init>(String,String,String,String,String,String,String,String,String,String,String)|RegisterCommunityUser.RegistrationConfig
13:54:53.5 (14165587)|VARIABLE_SCOPE_BEGIN|[46]|config|RegisterCommunityUser.RegistrationConfig|true|false
13:54:53.5 (14253313)|VARIABLE_ASSIGNMENT|[46]|config|{"accountName":"mr test","confirmPassword":"TestPasswaord123!","email":"test24142@test.com","firstname":"test","language":"","lastName":"test","ownerUsername":"reidefford@gmail.com","password":"TestPasswaord123!","phone":"5555555555","profileName":"Customer Community L (9 more) ...","username":"test41421@test.com"}|0x5feb58e0
13:54:53.5 (14275123)|STATEMENT_EXECUTE|[60]
13:54:53.5 (14404298)|USER_DEBUG|[60]|DEBUG|RegistrationConfig:[accountName=mr test, confirmPassword=TestPasswaord123!, email=test24142@test.com, firstname=test, language=, lastName=test, ownerUsername=reidefford@gmail.com, password=TestPasswaord123!, phone=5555555555, profileName=Customer Community Login User, username=test41421@test.com]
13:54:53.5 (14428125)|STATEMENT_EXECUTE|[62]
13:54:53.5 (17180027)|HEAP_ALLOCATE|[62]|Bytes:18
13:54:53.5 (17208371)|HEAP_ALLOCATE|[62]|Bytes:18
13:54:53.5 (17219977)|HEAP_ALLOCATE|[62]|Bytes:5
13:54:53.5 (17259710)|METHOD_ENTRY|[1]|01p3i00000Astl6|RegisterCommunityUser.RegisterCommunityUser()
13:54:53.5 (17273817)|STATEMENT_EXECUTE|[1]
13:54:53.5 (17284336)|STATEMENT_EXECUTE|[1]
13:54:53.5 (17298371)|SYSTEM_MODE_ENTER|true
13:54:53.5 (17318606)|HEAP_ALLOCATE|[62]|Bytes:5
13:54:53.5 (17334219)|STATEMENT_EXECUTE|[173]
13:54:53.5 (17342297)|SYSTEM_MODE_EXIT|true
13:54:53.5 (17359768)|METHOD_EXIT|[1]|RegisterCommunityUser
13:54:53.5 (17398107)|METHOD_ENTRY|[62]|01p3i00000Astl6|RegisterCommunityUser.register(RegisterCommunityUser.RegistrationConfig)
13:54:53.5 (17466624)|VARIABLE_SCOPE_BEGIN|[38]|config|RegisterCommunityUser.RegistrationConfig|true|false
13:54:53.5 (17553025)|VARIABLE_ASSIGNMENT|[38]|config|{"accountName":"mr test","confirmPassword":"TestPasswaord123!","email":"test24142@test.com","firstname":"test","language":"","lastName":"test","ownerUsername":"reidefford@gmail.com","password":"TestPasswaord123!","phone":"5555555555","profileName":"Customer Community L (9 more) ...","username":"test41421@test.com"}|0x5feb58e0
13:54:53.5 (17590087)|SYSTEM_MODE_ENTER|true
13:54:53.5 (17608773)|HEAP_ALLOCATE|[40]|Bytes:5
13:54:53.5 (17643946)|STATEMENT_EXECUTE|[38]
13:54:53.5 (17812731)|VARIABLE_ASSIGNMENT|[EXTERNAL]|this|{"accountName":"mr test","confirmPassword":"TestPasswaord123!","email":"test24142@test.com","firstname":"test","language":"","lastName":"test","ownerUsername":"reidefford@gmail.com","password":"TestPasswaord123!","phone":"5555555555","profileName":"Customer Community L (9 more) ...","username":"test41421@test.com"}|0x5feb58e0
13:54:53.5 (17890964)|METHOD_ENTRY|[40]|01p3i00000Astl6|RegisterCommunityUser.validateEmailFormat(String)
13:54:53.5 (17918540)|VARIABLE_SCOPE_BEGIN|[157]|email|String|false|false
13:54:53.5 (17949178)|VARIABLE_ASSIGNMENT|[157]|email|"test24142@test.com"
13:54:53.5 (17973093)|HEAP_ALLOCATE|[158]|Bytes:5
13:54:53.5 (17985995)|STATEMENT_EXECUTE|[157]
13:54:53.5 (17990760)|STATEMENT_EXECUTE|[158]
13:54:53.5 (18003550)|VARIABLE_SCOPE_BEGIN|[158]|res|Boolean|false|false
13:54:53.5 (18018284)|HEAP_ALLOCATE|[158]|Bytes:5
13:54:53.5 (18041604)|VARIABLE_ASSIGNMENT|[158]|res|true
13:54:53.5 (18051923)|STATEMENT_EXECUTE|[159]
13:54:53.5 (18057306)|HEAP_ALLOCATE|[159]|Bytes:65
13:54:53.5 (18070196)|VARIABLE_SCOPE_BEGIN|[159]|emailRegex|String|false|false
13:54:53.5 (18095794)|VARIABLE_ASSIGNMENT|[159]|emailRegex|"^[a-zA-Z0-9._&#124;\\\\%#~` (45 more) ..."
13:54:53.5 (18115615)|STATEMENT_EXECUTE|[160]
13:54:53.5 (18169035)|HEAP_ALLOCATE|[160]|Bytes:24
13:54:53.5 (18189140)|SYSTEM_METHOD_ENTRY|[1]|Pattern.Pattern()
13:54:53.5 (18199277)|STATEMENT_EXECUTE|[1]
13:54:53.5 (18211135)|SYSTEM_METHOD_EXIT|[1]|Pattern
13:54:53.5 (18243531)|METHOD_ENTRY|[160]||System.Pattern.compile(String)
13:54:53.5 (18421967)|METHOD_EXIT|[160]||System.Pattern.compile(String)
13:54:53.5 (18436940)|VARIABLE_SCOPE_BEGIN|[160]|MyPattern|System.Pattern|true|false
13:54:53.5 (18504964)|VARIABLE_ASSIGNMENT|[160]|MyPattern|{"delegate":"0x5a4e155a"}|0x718c6af1
13:54:53.5 (18528421)|STATEMENT_EXECUTE|[161]
13:54:53.5 (18547033)|METHOD_ENTRY|[161]||System.Pattern.matcher(String)
13:54:53.5 (18805779)|METHOD_EXIT|[161]||System.Pattern.matcher(String)
13:54:53.5 (18826751)|VARIABLE_SCOPE_BEGIN|[161]|MyMatcher|System.Matcher|true|false
13:54:53.5 (18878991)|VARIABLE_ASSIGNMENT|[161]|MyMatcher|{"delegate":"0x778514ac"}|0x20ead3b3
13:54:53.5 (18910341)|METHOD_ENTRY|[162]||System.Matcher.matches()
13:54:53.5 (19043806)|METHOD_EXIT|[162]||System.Matcher.matches()
13:54:53.5 (19063068)|STATEMENT_EXECUTE|[162]
13:54:53.5 (19068802)|STATEMENT_EXECUTE|[164]
13:54:53.5 (19076096)|HEAP_ALLOCATE|[164]|Bytes:5
13:54:53.5 (19091763)|METHOD_EXIT|[40]|01p3i00000Astl6|RegisterCommunityUser.validateEmailFormat(String)
13:54:53.5 (19103420)|STATEMENT_EXECUTE|[40]
13:54:53.5 (19194820)|VARIABLE_ASSIGNMENT|[EXTERNAL]|this|{"accountName":"mr test","confirmPassword":"TestPasswaord123!","email":"test24142@test.com","firstname":"test","language":"","lastName":"test","ownerUsername":"reidefford@gmail.com","password":"TestPasswaord123!","phone":"5555555555","profileName":"Customer Community L (9 more) ...","username":"test41421@test.com"}|0x5feb58e0
13:54:53.5 (19226478)|METHOD_ENTRY|[44]|01p3i00000Astl6|RegisterCommunityUser.validateUsernameNotDuplicate(String)
13:54:53.5 (19245408)|VARIABLE_SCOPE_BEGIN|[167]|username|String|false|false
13:54:53.5 (19269377)|VARIABLE_ASSIGNMENT|[167]|username|"test41421@test.com"
13:54:53.5 (19290167)|HEAP_ALLOCATE|[168]|Bytes:5
13:54:53.5 (19298976)|STATEMENT_EXECUTE|[167]
13:54:53.5 (19305487)|STATEMENT_EXECUTE|[168]
13:54:53.5 (19310295)|HEAP_ALLOCATE|[168]|Bytes:51
13:54:53.5 (19332756)|HEAP_ALLOCATE|[168]|Bytes:4
13:54:53.5 (19360970)|HEAP_ALLOCATE|[168]|Bytes:7
13:54:53.5 (19733410)|SOQL_EXECUTE_BEGIN|[168]|Aggregations:0|SELECT Id, Name FROM User WHERE Username = :tmpVar1
13:54:53.5 (24614578)|SOQL_EXECUTE_END|[168]|Rows:0
13:54:53.5 (24673863)|HEAP_ALLOCATE|[168]|Bytes:4
13:54:53.5 (24711851)|HEAP_ALLOCATE|[168]|Bytes:0
13:54:53.5 (24849874)|HEAP_ALLOCATE|[168]|Bytes:4
13:54:53.5 (24893920)|VARIABLE_SCOPE_BEGIN|[168]|userList|List<User>|true|false
13:54:53.5 (24950437)|VARIABLE_ASSIGNMENT|[168]|userList|[]|0x14b12b3d
13:54:53.5 (24967907)|STATEMENT_EXECUTE|[169]
13:54:53.5 (25077064)|HEAP_ALLOCATE|[169]|Bytes:5
13:54:53.5 (25099892)|METHOD_EXIT|[44]|01p3i00000Astl6|RegisterCommunityUser.validateUsernameNotDuplicate(String)
13:54:53.5 (25114768)|STATEMENT_EXECUTE|[44]
13:54:53.5 (25267989)|VARIABLE_ASSIGNMENT|[EXTERNAL]|this|{"accountName":"mr test","confirmPassword":"TestPasswaord123!","email":"test24142@test.com","firstname":"test","language":"","lastName":"test","ownerUsername":"reidefford@gmail.com","password":"TestPasswaord123!","phone":"5555555555","profileName":"Customer Community L (9 more) ...","username":"test41421@test.com"}|0x5feb58e0
13:54:53.5 (25383223)|VARIABLE_ASSIGNMENT|[EXTERNAL]|this|{"accountName":"mr test","confirmPassword":"TestPasswaord123!","email":"test24142@test.com","firstname":"test","language":"","lastName":"test","ownerUsername":"reidefford@gmail.com","password":"TestPasswaord123!","phone":"5555555555","profileName":"Customer Community L (9 more) ...","username":"test41421@test.com"}|0x5feb58e0
13:54:53.5 (25457005)|VARIABLE_ASSIGNMENT|[EXTERNAL]|this|{"accountName":"mr test","confirmPassword":"TestPasswaord123!","email":"test24142@test.com","firstname":"test","language":"","lastName":"test","ownerUsername":"reidefford@gmail.com","password":"TestPasswaord123!","phone":"5555555555","profileName":"Customer Community L (9 more) ...","username":"test41421@test.com"}|0x5feb58e0
13:54:53.5 (25490280)|HEAP_ALLOCATE|[48]|Bytes:1
13:54:53.5 (25575713)|HEAP_ALLOCATE|[48]|Bytes:9
13:54:53.5 (25615776)|STATEMENT_EXECUTE|[48]
13:54:53.5 (25621332)|STATEMENT_EXECUTE|[52]
13:54:53.5 (26077946)|SAVEPOINT_SET|[52]|SavepointValue0
13:54:53.5 (26111668)|HEAP_ALLOCATE|[52]|Bytes:16
13:54:53.5 (26145845)|VARIABLE_SCOPE_BEGIN|[52]|sp|System.Savepoint|true|false
13:54:53.5 (26444625)|VARIABLE_ASSIGNMENT|[52]|sp|"common.apex.runtime.impl.ApexUserSavepoint@16a03138"|0x16a03138
13:54:53.5 (26466591)|STATEMENT_EXECUTE|[54]
13:54:53.5 (26471529)|STATEMENT_EXECUTE|[54]
13:54:53.5 (26475676)|STATEMENT_EXECUTE|[56]
13:54:53.5 (26512377)|VARIABLE_SCOPE_BEGIN|[56]|owner|User|true|false
13:54:53.5 (26541881)|VARIABLE_ASSIGNMENT|[56]|owner|null|
13:54:53.5 (26604363)|HEAP_ALLOCATE|[58]|Bytes:94
13:54:53.5 (26631290)|SYSTEM_METHOD_ENTRY|[1]|Test.Test()
13:54:53.5 (26641568)|STATEMENT_EXECUTE|[1]
13:54:53.5 (26658009)|SYSTEM_METHOD_EXIT|[1]|Test
13:54:53.5 (26677362)|METHOD_ENTRY|[58]||System.Test.isRunningTest()
13:54:53.5 (26728913)|METHOD_EXIT|[58]||System.Test.isRunningTest()
13:54:53.5 (26740415)|STATEMENT_EXECUTE|[58]
13:54:53.5 (26744949)|STATEMENT_EXECUTE|[59]
13:54:53.5 (26750417)|HEAP_ALLOCATE|[59]|Bytes:116
13:54:53.5 (26783925)|HEAP_ALLOCATE|[59]|Bytes:4
13:54:53.5 (27400678)|SOQL_EXECUTE_BEGIN|[59]|Aggregations:0|SELECT Id FROM User WHERE (Profile.Name = 'System Administrator' AND UserRoleId != NULL AND IsActive = TRUE) LIMIT 1
13:54:53.5 (35118477)|SOQL_EXECUTE_END|[59]|Rows:1
13:54:53.5 (35176942)|HEAP_ALLOCATE|[59]|Bytes:8
13:54:53.5 (35235561)|HEAP_ALLOCATE|[59]|Bytes:60
13:54:53.5 (35284498)|HEAP_ALLOCATE|[59]|Bytes:8
13:54:53.5 (35308688)|HEAP_ALLOCATE|[59]|Bytes:30
13:54:53.5 (35356914)|HEAP_ALLOCATE|[59]|Bytes:12
13:54:53.5 (35434556)|VARIABLE_ASSIGNMENT|[59]|owner|{"Id":"0053i000000NtnzAAC","ProfileId":"00e3i0000014w6WAAQ"}|0x6fca1ae3
13:54:53.5 (35454196)|STATEMENT_EXECUTE|[76]
13:54:53.5 (35459964)|HEAP_ALLOCATE|[76]|Bytes:58
13:54:53.5 (35483871)|HEAP_ALLOCATE|[76]|Bytes:4
13:54:53.5 (35643014)|VARIABLE_ASSIGNMENT|[EXTERNAL]|this|{"accountName":"mr test","confirmPassword":"TestPasswaord123!","email":"test24142@test.com","firstname":"test","language":"","lastName":"test","ownerUsername":"reidefford@gmail.com","password":"TestPasswaord123!","phone":"5555555555","profileName":"Customer Community L (9 more) ...","username":"test41421@test.com"}|0x5feb58e0
13:54:53.5 (36014829)|SOQL_EXECUTE_BEGIN|[76]|Aggregations:0|SELECT Id, Name FROM Profile WHERE Name = :tmpVar1 LIMIT 1
13:54:53.5 (40262104)|SOQL_EXECUTE_END|[76]|Rows:1
13:54:53.5 (40316090)|HEAP_ALLOCATE|[76]|Bytes:8
13:54:53.5 (40366709)|HEAP_ALLOCATE|[76]|Bytes:66
13:54:53.5 (40465513)|HEAP_ALLOCATE|[76]|Bytes:8
13:54:53.5 (40506297)|HEAP_ALLOCATE|[76]|Bytes:33
13:54:53.5 (40604961)|HEAP_ALLOCATE|[76]|Bytes:12
13:54:53.5 (40640034)|VARIABLE_SCOPE_BEGIN|[76]|communityProfile|Profile|true|false
13:54:53.5 (40704762)|VARIABLE_ASSIGNMENT|[76]|communityProfile|{"Id":"00e3i0000014w6eAAA","Name":"Customer Community L (9 more) ..."}|0x4937256c
13:54:53.5 (40723509)|STATEMENT_EXECUTE|[83]
13:54:53.5 (40846232)|USER_DEBUG|[83]|DEBUG|RegistrationConfig:[accountName=mr test, confirmPassword=TestPasswaord123!, email=test24142@test.com, firstname=test, language=, lastName=test, ownerUsername=reidefford@gmail.com, password=TestPasswaord123!, phone=5555555555, profileName=Customer Community Login User, username=test41421@test.com]
13:54:53.5 (40869165)|STATEMENT_EXECUTE|[85]
13:54:53.5 (40912204)|HEAP_ALLOCATE|[85]|Bytes:4
13:54:53.5 (41157408)|VARIABLE_ASSIGNMENT|[EXTERNAL]|this|{"accountName":"mr test","confirmPassword":"TestPasswaord123!","email":"test24142@test.com","firstname":"test","language":"","lastName":"test","ownerUsername":"reidefford@gmail.com","password":"TestPasswaord123!","phone":"5555555555","profileName":"Customer Community L (9 more) ...","username":"test41421@test.com"}|0x5feb58e0
13:54:53.5 (41309004)|VARIABLE_ASSIGNMENT|[85]|this.Name|"mr test"|0x4af5906
13:54:53.5 (41388741)|VARIABLE_ASSIGNMENT|[85]|this.OwnerId|"0053i000000NtnzAAC"|0x4af5906
13:54:53.5 (41441461)|VARIABLE_SCOPE_BEGIN|[85]|a|Account|true|false
13:54:53.5 (41480796)|VARIABLE_ASSIGNMENT|[85]|a|{"Name":"mr test","OwnerId":"0053i000000NtnzAAC"}|0x4af5906
13:54:53.5 (41496117)|STATEMENT_EXECUTE|[90]
13:54:53.5 (41549374)|HEAP_ALLOCATE|[90]|Bytes:8
13:54:53.5 (41575207)|DML_BEGIN|[90]|Op:Insert|Type:Account|Rows:1
13:54:53.5 (41629253)|HEAP_ALLOCATE|[EXTERNAL]|Bytes:8
13:54:53.5 (121507361)|CODE_UNIT_STARTED|[EXTERNAL]|DuplicateDetector
13:54:53.5 (121565089)|DUPLICATE_DETECTION_BEGIN
13:54:53.5 (124721002)|DUPLICATE_DETECTION_RULE_INVOCATION|DuplicateRuleId:0Bm3i000001MF2H|DuplicateRuleName:Standard Account Duplicate Rule|DmlType:INSERT
13:54:53.5 (185087843)|DUPLICATE_DETECTION_MATCH_INVOCATION_DETAILS|EntityType:Account|ActionTaken:Allow_[Alert,Report]|DuplicateRecordIds:
13:54:53.5 (185139960)|DUPLICATE_DETECTION_MATCH_INVOCATION_SUMMARY|EntityType:Account|NumRecordsToBeSaved:1|NumRecordsToBeSavedWithDuplicates:0|NumDuplicateRecordsFound:0
13:54:53.5 (185318587)|DUPLICATE_DETECTION_END
13:54:53.5 (185338504)|CODE_UNIT_FINISHED|DuplicateDetector
13:54:53.5 (221016127)|CODE_UNIT_STARTED|[EXTERNAL]|Workflow:Account
13:54:53.5 (221122780)|CODE_UNIT_FINISHED|Workflow:Account
13:54:53.5 (235677915)|DML_END|[90]
13:54:53.5 (235741515)|STATEMENT_EXECUTE|[91]
13:54:53.5 (235878088)|USER_DEBUG|[91]|DEBUG|Account:{Name=mr test, OwnerId=0053i000000NtnzAAC, Id=0013i00003b1WmyAAE}
13:54:53.5 (235914523)|STATEMENT_EXECUTE|[93]
13:54:53.5 (235966471)|HEAP_ALLOCATE|[93]|Bytes:4
13:54:53.5 (236140719)|VARIABLE_SCOPE_BEGIN|[93]|c|Contact|true|false
13:54:53.5 (236206928)|VARIABLE_ASSIGNMENT|[93]|c|{}|0x44ba2812
13:54:53.5 (236225227)|STATEMENT_EXECUTE|[94]
13:54:53.5 (236369922)|VARIABLE_ASSIGNMENT|[EXTERNAL]|this|{"accountName":"mr test","confirmPassword":"TestPasswaord123!","email":"test24142@test.com","firstname":"test","language":"","lastName":"test","ownerUsername":"reidefford@gmail.com","password":"TestPasswaord123!","phone":"5555555555","profileName":"Customer Community L (9 more) ...","username":"test41421@test.com"}|0x5feb58e0
13:54:53.5 (236510845)|VARIABLE_ASSIGNMENT|[94]|this.FirstName|"test"|0x44ba2812
13:54:53.5 (236529362)|STATEMENT_EXECUTE|[95]
13:54:53.5 (236633415)|VARIABLE_ASSIGNMENT|[EXTERNAL]|this|{"accountName":"mr test","confirmPassword":"TestPasswaord123!","email":"test24142@test.com","firstname":"test","language":"","lastName":"test","ownerUsername":"reidefford@gmail.com","password":"TestPasswaord123!","phone":"5555555555","profileName":"Customer Community L (9 more) ...","username":"test41421@test.com"}|0x5feb58e0
13:54:53.5 (236715134)|VARIABLE_ASSIGNMENT|[95]|this.LastName|"test"|0x44ba2812
13:54:53.5 (236731753)|STATEMENT_EXECUTE|[96]
13:54:53.5 (236826681)|VARIABLE_ASSIGNMENT|[EXTERNAL]|this|{"accountName":"mr test","confirmPassword":"TestPasswaord123!","email":"test24142@test.com","firstname":"test","language":"","lastName":"test","ownerUsername":"reidefford@gmail.com","password":"TestPasswaord123!","phone":"5555555555","profileName":"Customer Community L (9 more) ...","username":"test41421@test.com"}|0x5feb58e0
13:54:53.5 (236909077)|VARIABLE_ASSIGNMENT|[96]|this.Phone|"5555555555"|0x44ba2812
13:54:53.5 (236925902)|STATEMENT_EXECUTE|[97]
13:54:53.5 (236999899)|VARIABLE_ASSIGNMENT|[EXTERNAL]|this|{"accountName":"mr test","confirmPassword":"TestPasswaord123!","email":"test24142@test.com","firstname":"test","language":"","lastName":"test","ownerUsername":"reidefford@gmail.com","password":"TestPasswaord123!","phone":"5555555555","profileName":"Customer Community L (9 more) ...","username":"test41421@test.com"}|0x5feb58e0
13:54:53.5 (237073718)|VARIABLE_ASSIGNMENT|[97]|this.MobilePhone|"5555555555"|0x44ba2812
13:54:53.5 (237091034)|STATEMENT_EXECUTE|[98]
13:54:53.5 (237160946)|VARIABLE_ASSIGNMENT|[EXTERNAL]|this|{"accountName":"mr test","confirmPassword":"TestPasswaord123!","email":"test24142@test.com","firstname":"test","language":"","lastName":"test","ownerUsername":"reidefford@gmail.com","password":"TestPasswaord123!","phone":"5555555555","profileName":"Customer Community L (9 more) ...","username":"test41421@test.com"}|0x5feb58e0
13:54:53.5 (237229026)|VARIABLE_ASSIGNMENT|[98]|this.Email|"test24142@test.com"|0x44ba2812
13:54:53.5 (237245273)|STATEMENT_EXECUTE|[99]
13:54:53.5 (237312781)|VARIABLE_ASSIGNMENT|[99]|this.AccountId|"0013i00003b1WmyAAE"|0x44ba2812
13:54:53.5 (237340844)|STATEMENT_EXECUTE|[100]
13:54:53.5 (237431527)|VARIABLE_ASSIGNMENT|[100]|this.OwnerId|"0053i000000NtnzAAC"|0x44ba2812
13:54:53.5 (237449425)|STATEMENT_EXECUTE|[101]
13:54:53.5 (237496221)|HEAP_ALLOCATE|[101]|Bytes:8
13:54:53.5 (237521692)|DML_BEGIN|[101]|Op:Insert|Type:Contact|Rows:1
13:54:53.5 (237583053)|HEAP_ALLOCATE|[EXTERNAL]|Bytes:8
13:54:53.5 (273205208)|CODE_UNIT_STARTED|[EXTERNAL]|DuplicateDetector
13:54:53.5 (273251822)|DUPLICATE_DETECTION_BEGIN
13:54:53.5 (273361730)|DUPLICATE_DETECTION_RULE_INVOCATION|DuplicateRuleId:0Bm3i000001MF2I|DuplicateRuleName:Standard Contact Duplicate Rule|DmlType:INSERT
13:54:53.5 (349399357)|DUPLICATE_DETECTION_MATCH_INVOCATION_DETAILS|EntityType:Contact|ActionTaken:Allow_[Alert,Report]|DuplicateRecordIds:
13:54:53.5 (349441075)|DUPLICATE_DETECTION_MATCH_INVOCATION_SUMMARY|EntityType:Contact|NumRecordsToBeSaved:1|NumRecordsToBeSavedWithDuplicates:0|NumDuplicateRecordsFound:0
13:54:53.5 (349464789)|DUPLICATE_DETECTION_MATCH_INVOCATION_DETAILS|EntityType:Contact|ActionTaken:Allow_[Alert,Report]|DuplicateRecordIds:
13:54:53.5 (349479100)|DUPLICATE_DETECTION_MATCH_INVOCATION_SUMMARY|EntityType:Contact|NumRecordsToBeSaved:1|NumRecordsToBeSavedWithDuplicates:0|NumDuplicateRecordsFound:0
13:54:53.5 (349751719)|DUPLICATE_DETECTION_END
13:54:53.5 (349783052)|CODE_UNIT_FINISHED|DuplicateDetector
13:54:53.5 (379810302)|DML_END|[101]
13:54:53.5 (379860074)|STATEMENT_EXECUTE|[104]
13:54:53.5 (379890814)|HEAP_ALLOCATE|[104]|Bytes:4
13:54:53.5 (380058483)|VARIABLE_SCOPE_BEGIN|[104]|u|User|true|false
13:54:53.5 (380123442)|VARIABLE_ASSIGNMENT|[104]|u|{}|0xf3f14b0
13:54:53.5 (380141208)|STATEMENT_EXECUTE|[105]
13:54:53.5 (380301812)|VARIABLE_ASSIGNMENT|[EXTERNAL]|this|{"accountName":"mr test","confirmPassword":"TestPasswaord123!","email":"test24142@test.com","firstname":"test","language":"","lastName":"test","ownerUsername":"reidefford@gmail.com","password":"TestPasswaord123!","phone":"5555555555","profileName":"Customer Community L (9 more) ...","username":"test41421@test.com"}|0x5feb58e0
13:54:53.5 (380455754)|VARIABLE_ASSIGNMENT|[105]|this.Email|"test24142@test.com"|0xf3f14b0
13:54:53.5 (380474627)|STATEMENT_EXECUTE|[106]
13:54:53.5 (380576515)|VARIABLE_ASSIGNMENT|[EXTERNAL]|this|{"accountName":"mr test","confirmPassword":"TestPasswaord123!","email":"test24142@test.com","firstname":"test","language":"","lastName":"test","ownerUsername":"reidefford@gmail.com","password":"TestPasswaord123!","phone":"5555555555","profileName":"Customer Community L (9 more) ...","username":"test41421@test.com"}|0x5feb58e0
13:54:53.5 (380660322)|VARIABLE_ASSIGNMENT|[106]|this.FirstName|"test"|0xf3f14b0
13:54:53.5 (380675161)|STATEMENT_EXECUTE|[107]
13:54:53.5 (380751036)|VARIABLE_ASSIGNMENT|[EXTERNAL]|this|{"accountName":"mr test","confirmPassword":"TestPasswaord123!","email":"test24142@test.com","firstname":"test","language":"","lastName":"test","ownerUsername":"reidefford@gmail.com","password":"TestPasswaord123!","phone":"5555555555","profileName":"Customer Community L (9 more) ...","username":"test41421@test.com"}|0x5feb58e0
13:54:53.5 (380826941)|VARIABLE_ASSIGNMENT|[107]|this.LastName|"test"|0xf3f14b0
13:54:53.5 (380840751)|STATEMENT_EXECUTE|[108]
13:54:53.5 (380913296)|VARIABLE_ASSIGNMENT|[EXTERNAL]|this|{"accountName":"mr test","confirmPassword":"TestPasswaord123!","email":"test24142@test.com","firstname":"test","language":"","lastName":"test","ownerUsername":"reidefford@gmail.com","password":"TestPasswaord123!","phone":"5555555555","profileName":"Customer Community L (9 more) ...","username":"test41421@test.com"}|0x5feb58e0
13:54:53.5 (380983699)|VARIABLE_ASSIGNMENT|[108]|this.Username|"test41421@test.com"|0xf3f14b0
13:54:53.5 (381000461)|STATEMENT_EXECUTE|[109]
13:54:53.5 (381069502)|VARIABLE_ASSIGNMENT|[EXTERNAL]|this|{"accountName":"mr test","confirmPassword":"TestPasswaord123!","email":"test24142@test.com","firstname":"test","language":"","lastName":"test","ownerUsername":"reidefford@gmail.com","password":"TestPasswaord123!","phone":"5555555555","profileName":"Customer Community L (9 more) ...","username":"test41421@test.com"}|0x5feb58e0
13:54:53.5 (381138100)|VARIABLE_ASSIGNMENT|[109]|this.MobilePhone|"5555555555"|0xf3f14b0
13:54:53.5 (381153592)|STATEMENT_EXECUTE|[111]
13:54:53.5 (381237324)|VARIABLE_ASSIGNMENT|[111]|this.ContactId|"0033i00003Sk7YPAAZ"|0xf3f14b0
13:54:53.5 (381253598)|STATEMENT_EXECUTE|[113]
13:54:53.5 (381262212)|HEAP_ALLOCATE|[113]|Bytes:16
13:54:53.5 (381312994)|VARIABLE_ASSIGNMENT|[113]|this.TimeZoneSidKey|"America/New_York"|0xf3f14b0
13:54:53.5 (381328178)|STATEMENT_EXECUTE|[114]
13:54:53.5 (381333200)|HEAP_ALLOCATE|[114]|Bytes:5
13:54:53.5 (381377773)|VARIABLE_ASSIGNMENT|[114]|this.LocaleSidKey|"en_US"|0xf3f14b0
13:54:53.5 (381390218)|STATEMENT_EXECUTE|[115]
13:54:53.5 (381397132)|HEAP_ALLOCATE|[115]|Bytes:10
13:54:53.5 (381436497)|VARIABLE_ASSIGNMENT|[115]|this.EmailEncodingKey|"ISO-8859-1"|0xf3f14b0
13:54:53.5 (381451432)|STATEMENT_EXECUTE|[116]
13:54:53.5 (381488585)|VARIABLE_ASSIGNMENT|[116]|this.LanguageLocaleKey|"en_US"|0xf3f14b0
13:54:53.5 (381502939)|STATEMENT_EXECUTE|[117]
13:54:53.5 (381582220)|VARIABLE_ASSIGNMENT|[117]|this.ProfileId|"00e3i0000014w6eAAA"|0xf3f14b0
13:54:53.5 (381598092)|STATEMENT_EXECUTE|[120]
13:54:53.5 (381687836)|VARIABLE_ASSIGNMENT|[EXTERNAL]|this|{"accountName":"mr test","confirmPassword":"TestPasswaord123!","email":"test24142@test.com","firstname":"test","language":"","lastName":"test","ownerUsername":"reidefford@gmail.com","password":"TestPasswaord123!","phone":"5555555555","profileName":"Customer Community L (9 more) ...","username":"test41421@test.com"}|0x5feb58e0
13:54:53.5 (381770223)|VARIABLE_ASSIGNMENT|[EXTERNAL]|this|{"accountName":"mr test","confirmPassword":"TestPasswaord123!","email":"test24142@test.com","firstname":"test","language":"","lastName":"test","ownerUsername":"reidefford@gmail.com","password":"TestPasswaord123!","phone":"5555555555","profileName":"Customer Community L (9 more) ...","username":"test41421@test.com"}|0x5feb58e0
13:54:53.5 (381882262)|VARIABLE_ASSIGNMENT|[EXTERNAL]|this|{"accountName":"mr test","confirmPassword":"TestPasswaord123!","email":"test24142@test.com","firstname":"test","language":"","lastName":"test","ownerUsername":"reidefford@gmail.com","password":"TestPasswaord123!","phone":"5555555555","profileName":"Customer Community L (9 more) ...","username":"test41421@test.com"}|0x5feb58e0
13:54:53.5 (381915010)|HEAP_ALLOCATE|[120]|Bytes:1
13:54:53.5 (381981186)|VARIABLE_ASSIGNMENT|[EXTERNAL]|this|{"accountName":"mr test","confirmPassword":"TestPasswaord123!","email":"test24142@test.com","firstname":"test","language":"","lastName":"test","ownerUsername":"reidefford@gmail.com","password":"TestPasswaord123!","phone":"5555555555","profileName":"Customer Community L (9 more) ...","username":"test41421@test.com"}|0x5feb58e0
13:54:53.5 (382012140)|HEAP_ALLOCATE|[120]|Bytes:1
13:54:53.5 (382039415)|HEAP_ALLOCATE|[120]|Bytes:2
13:54:53.5 (382065266)|VARIABLE_SCOPE_BEGIN|[120]|nickname|String|false|false
13:54:53.5 (382098276)|VARIABLE_ASSIGNMENT|[120]|nickname|"tt"
13:54:53.5 (382110667)|STATEMENT_EXECUTE|[122]
13:54:53.5 (382186593)|HEAP_ALLOCATE|[122]|Bytes:48
13:54:53.5 (382222128)|SYSTEM_METHOD_ENTRY|[1]|Crypto.Crypto()
13:54:53.5 (382233173)|STATEMENT_EXECUTE|[1]
13:54:53.5 (382249875)|SYSTEM_METHOD_EXIT|[1]|Crypto
13:54:53.5 (382270258)|METHOD_ENTRY|[122]||System.Crypto.getRandomInteger()
13:54:53.5 (382515980)|METHOD_EXIT|[122]||System.Crypto.getRandomInteger()
13:54:53.5 (382549442)|HEAP_ALLOCATE|[122]|Bytes:9
13:54:53.5 (382577508)|HEAP_ALLOCATE|[122]|Bytes:6
13:54:53.5 (382593975)|HEAP_ALLOCATE|[122]|Bytes:8
13:54:53.5 (382626070)|VARIABLE_ASSIGNMENT|[122]|nickname|"tt762464"
13:54:53.5 (382638420)|STATEMENT_EXECUTE|[124]
13:54:53.5 (382644341)|HEAP_ALLOCATE|[124]|Bytes:17
13:54:53.5 (382759295)|STATEMENT_EXECUTE|[126]
13:54:53.5 (382843688)|VARIABLE_ASSIGNMENT|[126]|this.Alias|"tt762464"|0xf3f14b0
13:54:53.5 (382867260)|METHOD_ENTRY|[128]||System.Test.isRunningTest()
13:54:53.5 (382905863)|METHOD_EXIT|[128]||System.Test.isRunningTest()
13:54:53.5 (382916168)|STATEMENT_EXECUTE|[128]
13:54:53.5 (382921031)|STATEMENT_EXECUTE|[132]
13:54:53.5 (382985048)|HEAP_ALLOCATE|[132]|Bytes:34
13:54:53.5 (383018848)|SYSTEM_METHOD_ENTRY|[1]|Network.Network()
13:54:53.5 (383030229)|STATEMENT_EXECUTE|[1]
13:54:53.5 (383042889)|SYSTEM_METHOD_EXIT|[1]|Network
13:54:53.5 (383075500)|METHOD_ENTRY|[132]||System.Network.getNetworkId()
13:54:53.5 (383129543)|METHOD_EXIT|[132]||System.Network.getNetworkId()
13:54:53.5 (383148667)|VARIABLE_SCOPE_BEGIN|[132]|networkId|String|false|false
13:54:53.5 (383178967)|VARIABLE_ASSIGNMENT|[132]|networkId|null
13:54:53.5 (383192949)|STATEMENT_EXECUTE|[135]
13:54:53.5 (383197451)|STATEMENT_EXECUTE|[139]
13:54:53.5 (383217082)|HEAP_ALLOCATE|[139]|Bytes:18
13:54:53.5 (383307681)|VARIABLE_ASSIGNMENT|[EXTERNAL]|this|{"accountName":"mr test","confirmPassword":"TestPasswaord123!","email":"test24142@test.com","firstname":"test","language":"","lastName":"test","ownerUsername":"reidefford@gmail.com","password":"TestPasswaord123!","phone":"5555555555","profileName":"Customer Community L (9 more) ...","username":"test41421@test.com"}|0x5feb58e0
13:54:53.5 (383393903)|HEAP_ALLOCATE|[139]|Bytes:162
13:54:53.5 (383430048)|SYSTEM_METHOD_ENTRY|[1]|Site.Site()
13:54:53.5 (383460775)|STATEMENT_EXECUTE|[1]
13:54:53.5 (383488456)|SYSTEM_METHOD_EXIT|[1]|Site
13:54:53.5 (383541072)|METHOD_ENTRY|[139]||System.Site.createExternalUser(SObject, String, String)
13:54:53.5 (383722835)|METHOD_EXIT|[139]||System.Site.createExternalUser(SObject, String, String)
13:54:53.5 (383743060)|VARIABLE_SCOPE_BEGIN|[139]|userId|String|false|false
13:54:53.5 (383784356)|VARIABLE_ASSIGNMENT|[139]|userId|null
13:54:53.5 (383874936)|VARIABLE_ASSIGNMENT|[EXTERNAL]|this|{"accountName":"mr test","confirmPassword":"TestPasswaord123!","email":"test24142@test.com","firstname":"test","language":"","lastName":"test","ownerUsername":"reidefford@gmail.com","password":"TestPasswaord123!","phone":"5555555555","profileName":"Customer Community L (9 more) ...","username":"test41421@test.com"}|0x5feb58e0
13:54:53.5 (383949954)|VARIABLE_ASSIGNMENT|[EXTERNAL]|this|{"accountName":"mr test","confirmPassword":"TestPasswaord123!","email":"test24142@test.com","firstname":"test","language":"","lastName":"test","ownerUsername":"reidefford@gmail.com","password":"TestPasswaord123!","phone":"5555555555","profileName":"Customer Community L (9 more) ...","username":"test41421@test.com"}|0x5feb58e0
13:54:53.5 (383998080)|STATEMENT_EXECUTE|[141]
13:54:53.5 (384003405)|STATEMENT_EXECUTE|[143]
13:54:53.5 (384103964)|VARIABLE_ASSIGNMENT|[EXTERNAL]|this|{"accountName":"mr test","confirmPassword":"TestPasswaord123!","email":"test24142@test.com","firstname":"test","language":"","lastName":"test","ownerUsername":"reidefford@gmail.com","password":"TestPasswaord123!","phone":"5555555555","profileName":"Customer Community L (9 more) ...","username":"test41421@test.com"}|0x5feb58e0
13:54:53.5 (384160206)|METHOD_ENTRY|[143]||System.Site.login(String, String, String)
13:54:53.5 (385388374)|METHOD_EXIT|[143]||System.Site.login(String, String, String)
13:54:53.5 (385450302)|VARIABLE_SCOPE_BEGIN|[143]|lgn|System.PageReference|true|false
13:54:53.5 (385508040)|VARIABLE_ASSIGNMENT|[143]|lgn|null|
13:54:53.5 (385525112)|STATEMENT_EXECUTE|[144]
13:54:53.5 (385625520)|HEAP_ALLOCATE|[144]|Bytes:41
13:54:53.5 (385697831)|VARIABLE_SCOPE_BEGIN|[150]|ex|Exception|true|false
13:54:53.5 (385851866)|VARIABLE_ASSIGNMENT|[150]|ex|"common.apex.runtime.impl.ExecutionException: Attempt to de-reference a null object"|0x69e9bc06
13:54:53.5 (385875362)|STATEMENT_EXECUTE|[150]
13:54:53.5 (385880271)|STATEMENT_EXECUTE|[151]
13:54:53.5 (386030888)|SAVEPOINT_ROLLBACK|[151]|SavepointValue0
13:54:53.5 (389582020)|STATEMENT_EXECUTE|[152]
13:54:53.5 (389671210)|HEAP_ALLOCATE|[152]|Bytes:37
13:54:53.5 (389731123)|SYSTEM_MODE_EXIT|true
13:54:53.5 (390370868)|METHOD_EXIT|[62]|01p3i00000Astl6|RegisterCommunityUser.register(RegisterCommunityUser.RegistrationConfig)
13:54:53.5 (390409871)|VARIABLE_SCOPE_BEGIN|[62]|result|String|false|false
13:54:53.5 (390456084)|VARIABLE_ASSIGNMENT|[62]|result|"Attempt to de-refere (17 more) ..."
13:54:53.5 (390470282)|STATEMENT_EXECUTE|[63]
13:54:53.5 (390477852)|HEAP_ALLOCATE|[63]|Bytes:6
13:54:53.5 (390532895)|USER_DEBUG|[63]|DEBUG|result
13:54:53.5 (390550470)|STATEMENT_EXECUTE|[64]
13:54:53.5 (390572453)|USER_DEBUG|[64]|DEBUG|result
13:54:53.5 (390590260)|STATEMENT_EXECUTE|[65]
13:54:53.5 (390608996)|USER_DEBUG|[65]|DEBUG|result
13:54:53.5 (390623327)|STATEMENT_EXECUTE|[66]
13:54:53.5 (390640961)|USER_DEBUG|[66]|DEBUG|result
13:54:53.5 (390654601)|STATEMENT_EXECUTE|[67]
13:54:53.5 (390672094)|USER_DEBUG|[67]|DEBUG|result
13:54:53.5 (390685973)|STATEMENT_EXECUTE|[68]
13:54:53.5 (390703284)|USER_DEBUG|[68]|DEBUG|result
13:54:53.5 (390717039)|STATEMENT_EXECUTE|[69]
13:54:53.5 (390733871)|USER_DEBUG|[69]|DEBUG|result
13:54:53.5 (390747692)|STATEMENT_EXECUTE|[70]
13:54:53.5 (390775366)|USER_DEBUG|[70]|DEBUG|Attempt to de-reference a null object
13:54:53.5 (390791697)|STATEMENT_EXECUTE|[71]
13:54:53.5 (390797744)|HEAP_ALLOCATE|[71]|Bytes:5
13:54:53.5 (390980047)|EXCEPTION_THROWN|[71]|System.AssertException: Assertion Failed: Expected: true, Actual: false
13:54:53.5 (391134501)|HEAP_ALLOCATE|[71]|Bytes:51
13:54:53.5 (391165849)|SYSTEM_MODE_EXIT|false
13:54:53.5 (391338988)|FATAL_ERROR|System.AssertException: Assertion Failed: Expected: true, Actual: false

Class.RegisterCommunityUserTest.register_Test: line 71, column 1
13:54:53.5 (391376785)|FATAL_ERROR|System.AssertException: Assertion Failed: Expected: true, Actual: false

Class.RegisterCommunityUserTest.register_Test: line 71, column 1
13:54:53.391 (391406863)|CUMULATIVE_LIMIT_USAGE
13:54:53.391 (391406863)|LIMIT_USAGE_FOR_NS|(default)|
  Number of SOQL queries: 3 out of 100
  Number of query rows: 2 out of 50000
  Number of SOSL queries: 0 out of 20
  Number of DML statements: 4 out of 150
  Number of Publish Immediate DML: 0 out of 150
  Number of DML rows: 4 out of 10000
  Maximum CPU time: 0 out of 10000
  Maximum heap size: 0 out of 6000000
  Number of callouts: 0 out of 100
  Number of Email Invocations: 0 out of 10
  Number of future calls: 0 out of 50
  Number of queueable jobs added to the queue: 0 out of 50
  Number of Mobile Apex push calls: 0 out of 10

13:54:53.391 (391406863)|CUMULATIVE_LIMIT_USAGE_END

13:54:53.5 (391502569)|CODE_UNIT_FINISHED|RegisterCommunityUserTest.register_Test()
13:54:53.5 (391524681)|EXECUTION_FINISHED
13:54:53.522 (522601350)|USER_INFO|[EXTERNAL]|0053i000000Ntnz|reidefford@gmail.com|(GMT-04:00) Eastern Daylight Time (America/New_York)|GMT-04:00
13:54:53.522 (522651186)|EXECUTION_STARTED
13:54:53.522 (522663859)|CODE_UNIT_STARTED|[EXTERNAL]|DuplicateDetector
13:54:53.522 (522679630)|DUPLICATE_DETECTION_BEGIN
13:54:53.522 (522816783)|DUPLICATE_DETECTION_RULE_INVOCATION|DuplicateRuleId:0Bm3i000001MF2I|DuplicateRuleName:Standard Contact Duplicate Rule|DmlType:INSERT
13:54:53.522 (539015852)|DUPLICATE_DETECTION_END
13:54:53.522 (539054251)|CODE_UNIT_FINISHED|DuplicateDetector
13:54:53.522 (539079058)|EXECUTION_FINISHED
13:54:53.540 (540545769)|USER_INFO|[EXTERNAL]|0053i000000Ntnz|reidefford@gmail.com|(GMT-04:00) Eastern Daylight Time (America/New_York)|GMT-04:00
13:54:53.540 (540580012)|EXECUTION_STARTED
13:54:53.540 (540589496)|CODE_UNIT_STARTED|[EXTERNAL]|DuplicateDetector
13:54:53.540 (540603319)|DUPLICATE_DETECTION_BEGIN
13:54:53.540 (540661108)|DUPLICATE_DETECTION_RULE_INVOCATION|DuplicateRuleId:0Bm3i000001MF2H|DuplicateRuleName:Standard Account Duplicate Rule|DmlType:INSERT
13:54:53.540 (551554156)|DUPLICATE_DETECTION_END
13:54:53.540 (551587468)|CODE_UNIT_FINISHED|DuplicateDetector
13:54:53.540 (551610743)|EXECUTION_FINISHED
